C:\Program Files\Microsoft Visual Studio\2022\Community\MSBuild\Microsoft\VC\v170\Microsoft.CppBuild.targets(538,5): warning MSB8028: The intermediate directory (x64\Release\) contains files shared from another project (ManualDiskCleaningBackend.vcxproj).  This can lead to incorrect clean and rebuild behavior.
  getSpace-backend.cpp
C:\Users\vende\Desktop\get-space\getSpace-backend\getSpace-backend\customFilesystem.hpp(197,17): warning C4244: 'return': conversion from 'int64_t' to 'float', possible loss of data
  (compiling source file 'getSpace-backend.cpp')
  
C:\Users\vende\Desktop\get-space\getSpace-backend\getSpace-backend\customFilesystem.hpp(376,34): warning C4244: '=': conversion from 'float' to 'int', possible loss of data
  (compiling source file 'getSpace-backend.cpp')
  
C:\Users\vende\Desktop\get-space\getSpace-backend\getSpace-backend\customFilesystem.hpp(377,37): warning C4244: '=': conversion from 'float' to 'int', possible loss of data
  (compiling source file 'getSpace-backend.cpp')
  
C:\Users\vende\vcpkg\installed\x64-windows\include\crow\http_parser_merged.h(587,32): warning C4244: '=': conversion from '__int64' to 'unsigned long', possible loss of data
  (compiling source file 'getSpace-backend.cpp')
  
C:\Users\vende\vcpkg\installed\x64-windows\include\crow\http_parser_merged.h(607,32): warning C4244: '=': conversion from '__int64' to 'unsigned long', possible loss of data
  (compiling source file 'getSpace-backend.cpp')
  
C:\Users\vende\vcpkg\installed\x64-windows\include\crow\json.h(1267,35): warning C4267: 'argument': conversion from 'size_t' to 'uint32_t', possible loss of data
  (compiling source file 'getSpace-backend.cpp')
  
C:\Users\vende\vcpkg\installed\x64-windows\include\crow\json.h(1749,32): warning C4267: 'return': conversion from 'size_t' to 'int', possible loss of data
  (compiling source file 'getSpace-backend.cpp')
  
C:\Users\vende\vcpkg\installed\x64-windows\include\crow\mustache.h(180,33): warning C4267: 'initializing': conversion from 'size_t' to 'int', possible loss of data
  (compiling source file 'getSpace-backend.cpp')
  
C:\Users\vende\vcpkg\installed\x64-windows\include\crow\mustache.h(199,48): warning C4267: '=': conversion from 'size_t' to 'int', possible loss of data
  (compiling source file 'getSpace-backend.cpp')
  
C:\Users\vende\vcpkg\installed\x64-windows\include\crow\mustache.h(201,53): warning C4267: 'argument': conversion from 'size_t' to '_Ty', possible loss of data
C:\Users\vende\vcpkg\installed\x64-windows\include\crow\mustache.h(201,53): warning C4267:         with
C:\Users\vende\vcpkg\installed\x64-windows\include\crow\mustache.h(201,53): warning C4267:         [
C:\Users\vende\vcpkg\installed\x64-windows\include\crow\mustache.h(201,53): warning C4267:             _Ty=int
C:\Users\vende\vcpkg\installed\x64-windows\include\crow\mustache.h(201,53): warning C4267:         ]
  (compiling source file 'getSpace-backend.cpp')
  
C:\Users\vende\vcpkg\installed\x64-windows\include\crow\mustache.h(302,94): warning C4267: 'argument': conversion from 'size_t' to 'int', possible loss of data
  (compiling source file 'getSpace-backend.cpp')
  
C:\Users\vende\vcpkg\installed\x64-windows\include\crow\mustache.h(450,54): warning C4267: 'argument': conversion from 'size_t' to 'int', possible loss of data
  (compiling source file 'getSpace-backend.cpp')
  
C:\Users\vende\vcpkg\installed\x64-windows\include\crow\mustache.h(461,54): warning C4267: 'argument': conversion from 'size_t' to 'int', possible loss of data
  (compiling source file 'getSpace-backend.cpp')
  
C:\Users\vende\vcpkg\installed\x64-windows\include\crow\mustache.h(479,54): warning C4267: 'argument': conversion from 'size_t' to 'int', possible loss of data
  (compiling source file 'getSpace-backend.cpp')
  
C:\Users\vende\vcpkg\installed\x64-windows\include\crow\mustache.h(490,54): warning C4267: 'argument': conversion from 'size_t' to 'int', possible loss of data
  (compiling source file 'getSpace-backend.cpp')
  
C:\Users\vende\vcpkg\installed\x64-windows\include\crow\routing.h(782,74): warning C4566: character represented by universal-character-name '\u2514' cannot be represented in the current code page (1252)
  (compiling source file 'getSpace-backend.cpp')
  
C:\Users\vende\vcpkg\installed\x64-windows\include\crow\routing.h(782,74): warning C4566: character represented by universal-character-name '\u279D' cannot be represented in the current code page (1252)
  (compiling source file 'getSpace-backend.cpp')
  
C:\Users\vende\vcpkg\installed\x64-windows\include\crow\routing.h(786,74): warning C4566: character represented by universal-character-name '\u2514' cannot be represented in the current code page (1252)
  (compiling source file 'getSpace-backend.cpp')
  
C:\Users\vende\vcpkg\installed\x64-windows\include\crow\routing.h(786,74): warning C4566: character represented by universal-character-name '\u279D' cannot be represented in the current code page (1252)
  (compiling source file 'getSpace-backend.cpp')
  
C:\Users\vende\vcpkg\installed\x64-windows\include\crow\routing.h(790,74): warning C4566: character represented by universal-character-name '\u2514' cannot be represented in the current code page (1252)
  (compiling source file 'getSpace-backend.cpp')
  
C:\Users\vende\vcpkg\installed\x64-windows\include\crow\routing.h(790,74): warning C4566: character represented by universal-character-name '\u279D' cannot be represented in the current code page (1252)
  (compiling source file 'getSpace-backend.cpp')
  
C:\Users\vende\vcpkg\installed\x64-windows\include\crow\routing.h(794,74): warning C4566: character represented by universal-character-name '\u2514' cannot be represented in the current code page (1252)
  (compiling source file 'getSpace-backend.cpp')
  
C:\Users\vende\vcpkg\installed\x64-windows\include\crow\routing.h(794,74): warning C4566: character represented by universal-character-name '\u279D' cannot be represented in the current code page (1252)
  (compiling source file 'getSpace-backend.cpp')
  
C:\Users\vende\vcpkg\installed\x64-windows\include\crow\routing.h(798,74): warning C4566: character represented by universal-character-name '\u2514' cannot be represented in the current code page (1252)
  (compiling source file 'getSpace-backend.cpp')
  
C:\Users\vende\vcpkg\installed\x64-windows\include\crow\routing.h(798,74): warning C4566: character represented by universal-character-name '\u279D' cannot be represented in the current code page (1252)
  (compiling source file 'getSpace-backend.cpp')
  
C:\Users\vende\vcpkg\installed\x64-windows\include\crow\routing.h(802,74): warning C4566: character represented by universal-character-name '\u2514' cannot be represented in the current code page (1252)
  (compiling source file 'getSpace-backend.cpp')
  
C:\Users\vende\vcpkg\installed\x64-windows\include\crow\routing.h(802,74): warning C4566: character represented by universal-character-name '\u279D' cannot be represented in the current code page (1252)
  (compiling source file 'getSpace-backend.cpp')
  
C:\Users\vende\vcpkg\installed\x64-windows\include\crow\routing.h(808,66): warning C4566: character represented by universal-character-name '\u2514' cannot be represented in the current code page (1252)
  (compiling source file 'getSpace-backend.cpp')
  
C:\Users\vende\vcpkg\installed\x64-windows\include\crow\routing.h(808,66): warning C4566: character represented by universal-character-name '\u279D' cannot be represented in the current code page (1252)
  (compiling source file 'getSpace-backend.cpp')
  
C:\Users\vende\vcpkg\installed\x64-windows\include\crow\routing.h(819,31): warning C4566: character represented by universal-character-name '\u2514' cannot be represented in the current code page (1252)
  (compiling source file 'getSpace-backend.cpp')
  
C:\Users\vende\vcpkg\installed\x64-windows\include\crow\routing.h(819,31): warning C4566: character represented by universal-character-name '\u2799' cannot be represented in the current code page (1252)
  (compiling source file 'getSpace-backend.cpp')
  
C:\Users\vende\vcpkg\installed\x64-windows\include\crow\routing.h(882,70): warning C4244: 'argument': conversion from '__int64' to 'unsigned int', possible loss of data
  (compiling source file 'getSpace-backend.cpp')
  
C:\Users\vende\vcpkg\installed\x64-windows\include\crow\routing.h(903,70): warning C4244: 'argument': conversion from '__int64' to 'unsigned int', possible loss of data
  (compiling source file 'getSpace-backend.cpp')
  
C:\Users\vende\vcpkg\installed\x64-windows\include\crow\routing.h(924,70): warning C4244: 'argument': conversion from '__int64' to 'unsigned int', possible loss of data
  (compiling source file 'getSpace-backend.cpp')
  
C:\Users\vende\vcpkg\installed\x64-windows\include\crow\routing.h(946,61): warning C4267: 'argument': conversion from 'size_t' to 'unsigned int', possible loss of data
  (compiling source file 'getSpace-backend.cpp')
  
C:\Users\vende\vcpkg\installed\x64-windows\include\crow\routing.h(962,61): warning C4267: 'argument': conversion from 'size_t' to 'unsigned int', possible loss of data
  (compiling source file 'getSpace-backend.cpp')
  
C:\Users\vende\vcpkg\installed\x64-windows\include\crow\routing.h(977,61): warning C4267: 'argument': conversion from 'size_t' to 'unsigned int', possible loss of data
  (compiling source file 'getSpace-backend.cpp')
  
C:\Users\vende\vcpkg\installed\x64-windows\include\crow\routing.h(1032,53): warning C4267: '+=': conversion from 'size_t' to 'unsigned int', possible loss of data
  (compiling source file 'getSpace-backend.cpp')
  
C:\Users\vende\vcpkg\installed\x64-windows\include\crow\routing.h(1043,45): warning C4267: '+=': conversion from 'size_t' to 'unsigned int', possible loss of data
  (compiling source file 'getSpace-backend.cpp')
  
C:\Users\vende\vcpkg\installed\x64-windows\include\crow\routing.h(1296,118): warning C4267: 'argument': conversion from 'size_t' to 'unsigned int', possible loss of data
  (compiling source file 'getSpace-backend.cpp')
  
C:\Users\vende\vcpkg\installed\x64-windows\include\crow\routing.h(1296,87): warning C4267: 'argument': conversion from 'size_t' to 'uint16_t', possible loss of data
  (compiling source file 'getSpace-backend.cpp')
  
C:\Users\vende\vcpkg\installed\x64-windows\include\crow\routing.h(1302,135): warning C4267: 'argument': conversion from 'size_t' to 'unsigned int', possible loss of data
  (compiling source file 'getSpace-backend.cpp')
  
C:\Users\vende\vcpkg\installed\x64-windows\include\crow\routing.h(1363,111): warning C4267: 'argument': conversion from 'size_t' to 'unsigned int', possible loss of data
  (compiling source file 'getSpace-backend.cpp')
  
C:\Users\vende\vcpkg\installed\x64-windows\include\crow\routing.h(1508,24): warning C4267: 'initializing': conversion from 'size_t' to 'int', possible loss of data
  (compiling source file 'getSpace-backend.cpp')
  
C:\Users\vende\Desktop\get-space\getSpace-backend\getSpace-backend\http_server.hpp(40,77): warning C4244: 'argument': conversion from 'int' to 'float', possible loss of data
  (compiling source file 'getSpace-backend.cpp')
  
C:\Users\vende\Desktop\get-space\getSpace-backend\getSpace-backend\http_server.hpp(41,79): warning C4244: 'argument': conversion from 'int' to 'float', possible loss of data
  (compiling source file 'getSpace-backend.cpp')
  
C:\Users\vende\Desktop\get-space\getSpace-backend\getSpace-backend\http_server.hpp(90,107): warning C4244: 'argument': conversion from 'int' to 'float', possible loss of data
  (compiling source file 'getSpace-backend.cpp')
  
C:\Program Files\Microsoft Visual Studio\2022\Community\VC\Tools\MSVC\14.44.35207\include\algorithm(3799,24): warning C4244: '=': conversion from 'wint_t' to 'char', possible loss of data
  (compiling source file 'getSpace-backend.cpp')
      C:\Program Files\Microsoft Visual Studio\2022\Community\VC\Tools\MSVC\14.44.35207\include\algorithm(3799,24):
      the template instantiation context (the oldest one first) is
          C:\Users\vende\Desktop\get-space\getSpace-backend\getSpace-backend\customFilesystem.hpp(282,9):
          see reference to function template instantiation '_OutIt std::transform<std::_String_iterator<std::_String_val<std::_Simple_types<_Elem>>>,std::_String_iterator<std::_String_val<std::_Simple_types<_Elem>>>,wint_t(__cdecl *)(wint_t)>(const _InIt,const _InIt,_OutIt,_Fn)' being compiled
          with
          [
              _OutIt=std::_String_iterator<std::_String_val<std::_Simple_types<char>>>,
              _Elem=char,
              _InIt=std::_String_iterator<std::_String_val<std::_Simple_types<char>>>,
              _Fn=wint_t (__cdecl *)(wint_t)
          ]
  
C:\Users\vende\vcpkg\installed\x64-windows\include\crow\http_server.h(237,37): warning C4267: '=': conversion from 'size_t' to 'uint16_t', possible loss of data
  (compiling source file 'getSpace-backend.cpp')
      C:\Users\vende\vcpkg\installed\x64-windows\include\crow\http_server.h(237,37):
      the template instantiation context (the oldest one first) is
          C:\Users\vende\Desktop\get-space\getSpace-backend\getSpace-backend\http_server.hpp(29,25):
          see reference to class template instantiation 'crow::Crow<>' being compiled
          C:\Users\vende\vcpkg\installed\x64-windows\include\crow\app.h(501,14):
          while compiling class template member function 'void crow::Crow<>::run(void)'
              C:\Users\vende\Desktop\get-space\getSpace-backend\getSpace-backend\http_server.hpp(212,43):
              see the first reference to 'crow::Crow<>::run' in 'http_server::http_server'
          C:\Users\vende\vcpkg\installed\x64-windows\include\crow\app.h(534,26):
          see reference to class template instantiation 'crow::Server<crow::Crow<>,crow::SocketAdaptor>' being compiled
          C:\Users\vende\vcpkg\installed\x64-windows\include\crow\http_server.h(226,18):
          while compiling class template member function 'uint16_t crow::Server<crow::Crow<>,crow::SocketAdaptor>::pick_io_context_idx(void)'
              C:\Users\vende\vcpkg\installed\x64-windows\include\crow\http_server.h(246,38):
              see the first reference to 'crow::Server<crow::Crow<>,crow::SocketAdaptor>::pick_io_context_idx' in 'crow::Server<crow::Crow<>,crow::SocketAdaptor>::do_accept'
              C:\Users\vende\vcpkg\installed\x64-windows\include\crow\http_server.h(173,22):
              see the first reference to 'crow::Server<crow::Crow<>,crow::SocketAdaptor>::do_accept' in 'crow::Server<crow::Crow<>,crow::SocketAdaptor>::run'
              C:\Users\vende\vcpkg\installed\x64-windows\include\crow\app.h(540,29):
              see the first reference to 'crow::Server<crow::Crow<>,crow::SocketAdaptor>::run' in 'crow::Crow<>::run'
              C:\Users\vende\Desktop\get-space\getSpace-backend\getSpace-backend\http_server.hpp(212,43):
              see the first reference to 'crow::Crow<>::run' in 'http_server::http_server'
  
C:\Users\vende\vcpkg\installed\x64-windows\include\crow\http_connection.h(479,75): warning C4244: 'argument': conversion from 'unsigned __int64' to 'int', possible loss of data
  (compiling source file 'getSpace-backend.cpp')
      C:\Users\vende\vcpkg\installed\x64-windows\include\crow\http_connection.h(479,75):
      the template instantiation context (the oldest one first) is
          C:\Users\vende\vcpkg\installed\x64-windows\include\crow\http_server.h(242,14):
          while compiling class template member function 'void crow::Server<crow::Crow<>,crow::SocketAdaptor>::do_accept(void)'
              C:\Users\vende\vcpkg\installed\x64-windows\include\crow\http_server.h(173,22):
              see the first reference to 'crow::Server<crow::Crow<>,crow::SocketAdaptor>::do_accept' in 'crow::Server<crow::Crow<>,crow::SocketAdaptor>::run'
              C:\Users\vende\vcpkg\installed\x64-windows\include\crow\app.h(540,29):
              see the first reference to 'crow::Server<crow::Crow<>,crow::SocketAdaptor>::run' in 'crow::Crow<>::run'
              C:\Users\vende\Desktop\get-space\getSpace-backend\getSpace-backend\http_server.hpp(212,43):
              see the first reference to 'crow::Crow<>::run' in 'http_server::http_server'
          C:\Users\vende\vcpkg\installed\x64-windows\include\crow\http_server.h(256,19):
          see reference to class template instantiation 'crow::Connection<Adaptor,Handler>' being compiled
          with
          [
              Adaptor=crow::SocketAdaptor,
              Handler=crow::Crow<>
          ]
          C:\Users\vende\vcpkg\installed\x64-windows\include\crow\http_connection.h(470,14):
          while compiling class template member function 'void crow::Connection<Adaptor,Handler>::do_read(void)'
          with
          [
              Adaptor=crow::SocketAdaptor,
              Handler=crow::Crow<>
          ]
              C:\Users\vende\vcpkg\installed\x64-windows\include\crow\http_connection.h(101,34):
              see the first reference to 'crow::Connection<Adaptor,Handler>::do_read' in 'crow::Connection<Adaptor,Handler>::start::<lambda_1>::operator ()'
          with
          [
              Adaptor=crow::SocketAdaptor,
              Handler=crow::Crow<>
          ]
  
C:\Users\vende\vcpkg\installed\x64-windows\include\crow\parser.h(127,25): warning C4267: 'initializing': conversion from 'size_t' to 'int', possible loss of data
  (compiling source file 'getSpace-backend.cpp')
      C:\Users\vende\vcpkg\installed\x64-windows\include\crow\parser.h(127,25):
      the template instantiation context (the oldest one first) is
          C:\Users\vende\vcpkg\installed\x64-windows\include\crow\http_connection.h(597,32):
          see reference to class template instantiation 'crow::HTTPParser<crow::Connection<Adaptor,Handler>>' being compiled
          with
          [
              Adaptor=crow::SocketAdaptor,
              Handler=crow::Crow<>
          ]
          C:\Users\vende\vcpkg\installed\x64-windows\include\crow\parser.h(111,14):
          while compiling class template member function 'bool crow::HTTPParser<crow::Connection<Adaptor,Handler>>::feed(const char *,int)'
          with
          [
              Adaptor=crow::SocketAdaptor,
              Handler=crow::Crow<>
          ]
              C:\Users\vende\vcpkg\installed\x64-windows\include\crow\http_connection.h(479,32):
              see the first reference to 'crow::HTTPParser<crow::Connection<Adaptor,Handler>>::feed' in 'crow::Connection<Adaptor,Handler>::do_read::<lambda_1>::operator ()'
          with
          [
              Adaptor=crow::SocketAdaptor,
              Handler=crow::Crow<>
          ]
  
  Generating code
  260 of 9410 functions ( 2.8%) were compiled, the rest were copied from previous compilation.
    17 functions were new in current compilation
    201 functions had inline decision re-evaluated but remain unchanged
  Finished generating code
  getSpace-backend.vcxproj -> C:\Users\vende\Desktop\get-space\getSpace-backend\x64\Release\getSpace-backend.exe
  'pwsh.exe' is not recognized as an internal or external command,
  operable program or batch file.
